Arguments: 
  C:\Program Files\nodejs\node.exe C:\Users\JESUS\AppData\Roaming\npm\node_modules\yarn\bin\yarn.js install

PATH: 
  C:\ProgramData\Oracle\Java\javapath;C:\Program Files (x86)\Rockwell Software\RSCommon;C:\Program Files (x86)\Intel\TXE Components\iCLS\;C:\Program Files\Intel\TXE Components\iCLS\;C:\WINDOWS\system32;C:\WINDOWS;C:\WINDOWS\System32\Wbem;C:\WINDOWS\System32\WindowsPowerShell\v1.0\;C:\Program Files\Intel\TXE Components\DAL\;C:\Program Files (x86)\Intel\TXE Components\DAL\;C:\Program Files\Intel\TXE Components\IPT\;C:\Program Files (x86)\Intel\TXE Components\IPT\;C:\ProgramData\chocolatey\bin;C:\Program Files\Git\cmd;C:\Program Files\nodejs\;C:\Users\JESUS\AppData\Local\Microsoft\WindowsApps;C:\Program Files (x86)\Segurmatica\Segurmatica Antivirus\Client\;C:\Program Files\MongoDB\Server\5.0\bin;C:\Users\JESUS\AppData\Local\Programs\Microsoft VS Code\bin;C:\Users\JESUS\AppData\Roaming\npm

Yarn version: 
  1.22.19

Node version: 
  18.13.0

Platform: 
  win32 x64

Trace: 
  Error: connect EACCES 104.16.16.35:443
      at TCPConnectWrap.afterConnect [as oncomplete] (node:net:1487:16)

npm manifest: 
  {
    "name": "bk",
    "description": "just testing",
    "version": "1.0.0",
    "main": "index.js",
    "author": "me",
    "license": "ISC",
    "scripts": {
      
      "start": "node index.js",
      "start:dev": "nodemon src/index.js",
      "lint": "eslint --fix .",
      "format": "prettier --write .",
      "seed-organismo": "node seeders/organismo.seeder.js",
      "seed-circulo": "node seeders/circulo.seeder.js",
      "seed-submision": "node seeders/submision.seeder.js",
      "seed-user": "node seeders/user.seeder.js",
      "seed-all": "npm-run-all --parallel seed-*"
    },
    "dependencies": {
      "@sinclair/typebox": "^0.25.16",
      "ajv": "^8.11.2",
      "ajv-errors": "^3.0.0",
      "ajv-formats": "^2.1.1",
      "bcryptjs": "^2.4.3",
      "body-parser": "^1.20.1",
      "cors": "^2.8.5",
      "dotenv": "^16.0.3",
      "eslint": "^8.30.0",
      "eslint-config-prettier": "^8.5.0",
      "eslint-config-standard": "^17.0.0",
      "express": "^4.18.2",
      "express-jwt": "^8.3.0",
      "haversine": "^1.1.1",
      "heap": "^0.2.7",
      "helmet": "^6.0.1",
      "husky": "^8.0.2",
      "jsonwebtoken": "^9.0.0",
      "lint-staged": "^13.1.0",
      "mongoose": "^6.7.2",
      "nodemon": "^2.0.20",
      "prettier": "^2.8.1",
      "standard": "^17.0.0",
      "validator": "^13.7.0"
    },
    "repository": {
      "type": "git",
      "url": "git+https://github.com/YABF0801/test-b.git"
    },
    "bugs": {
      "url": "https://github.com/YABF0801/test-b/issues"
    },
    "homepage": "https://github.com/YABF0801/test-b#readme",
    "devDependencies": {}
  }

yarn manifest: 
  No manifest

Lockfile: 
  # THIS IS AN AUTOGENERATED FILE. DO NOT EDIT THIS FILE DIRECTLY.
  # yarn lockfile v1
